<?xml version="1.0" encoding="UTF-8" ?>
<testsuite tests="6" failures="0" name="com.vanier.app.ScoreManagerTest" time="0.006" errors="0" skipped="0">
  <properties>
[...]
</properties>
  <testcase classname="com.vanier.app.ScoreManagerTest" name="testPassingScore3" time="0.004"/>
  <testcase classname="com.vanier.app.ScoreManagerTest" name="testPassingScore8" time="0"/>
  <testcase classname="com.vanier.app.ScoreManagerTest" name="testMainException" time="0.001"/>
  <testcase classname="com.vanier.app.ScoreManagerTest" name="failingScoreWithEquals" time="0"/>
  <testcase classname="com.vanier.app.ScoreManagerTest" name="passingScoreWith10" time="0.001"/>
  <testcase classname="com.vanier.app.ScoreManagerTest" name="passingScoreWith6" time="0"/>
</testsuite>